{"C:\\Users\\ESTEFANIA\\Downloads\\zapateria-app\\src\\server.ts": {"path":"C:\\Users\\ESTEFANIA\\Downloads\\zapateria-app\\src\\server.ts","statementMap":{"0":{"start":{"line":1,"column":0},"end":{"line":1,"column":30}},"1":{"start":{"line":2,"column":0},"end":{"line":2,"column":24}},"2":{"start":{"line":3,"column":0},"end":{"line":3,"column":43}},"3":{"start":{"line":4,"column":0},"end":{"line":4,"column":50}},"4":{"start":{"line":5,"column":0},"end":{"line":5,"column":42}},"5":{"start":{"line":7,"column":12},"end":{"line":7,"column":21}},"6":{"start":{"line":8,"column":13},"end":{"line":8,"column":37}},"7":{"start":{"line":11,"column":0},"end":{"line":11,"column":16}},"8":{"start":{"line":12,"column":0},"end":{"line":12,"column":42}},"9":{"start":{"line":13,"column":0},"end":{"line":13,"column":64}},"10":{"start":{"line":16,"column":0},"end":{"line":23,"column":4}},"11":{"start":{"line":26,"column":0},"end":{"line":32,"column":3}},"12":{"start":{"line":27,"column":20},"end":{"line":27,"column":31}},"13":{"start":{"line":28,"column":2},"end":{"line":30,"column":3}},"14":{"start":{"line":29,"column":4},"end":{"line":29,"column":82}},"15":{"start":{"line":31,"column":2},"end":{"line":31,"column":9}},"16":{"start":{"line":35,"column":0},"end":{"line":40,"column":3}},"17":{"start":{"line":36,"column":2},"end":{"line":36,"column":43}},"18":{"start":{"line":37,"column":2},"end":{"line":37,"column":53}},"19":{"start":{"line":38,"column":2},"end":{"line":38,"column":53}},"20":{"start":{"line":39,"column":2},"end":{"line":39,"column":9}},"21":{"start":{"line":43,"column":0},"end":{"line":43,"column":34}},"22":{"start":{"line":46,"column":0},"end":{"line":46,"column":41}},"23":{"start":{"line":47,"column":0},"end":{"line":47,"column":33}},"24":{"start":{"line":50,"column":0},"end":{"line":56,"column":3}},"25":{"start":{"line":51,"column":2},"end":{"line":55,"column":5}},"26":{"start":{"line":59,"column":0},"end":{"line":64,"column":3}},"27":{"start":{"line":60,"column":2},"end":{"line":60,"column":31}},"28":{"start":{"line":61,"column":2},"end":{"line":63,"column":5}},"29":{"start":{"line":67,"column":0},"end":{"line":72,"column":3}},"30":{"start":{"line":68,"column":2},"end":{"line":71,"column":5}},"31":{"start":{"line":75,"column":0},"end":{"line":82,"column":3}},"32":{"start":{"line":76,"column":2},"end":{"line":81,"column":5}},"33":{"start":{"line":84,"column":0},"end":{"line":84,"column":19}}},"fnMap":{"0":{"name":"(anonymous_1)","decl":{"start":{"line":26,"column":8},"end":{"line":26,"column":9}},"loc":{"start":{"line":26,"column":27},"end":{"line":32,"column":1}}},"1":{"name":"(anonymous_2)","decl":{"start":{"line":35,"column":8},"end":{"line":35,"column":9}},"loc":{"start":{"line":35,"column":27},"end":{"line":40,"column":1}}},"2":{"name":"(anonymous_3)","decl":{"start":{"line":50,"column":23},"end":{"line":50,"column":24}},"loc":{"start":{"line":50,"column":36},"end":{"line":56,"column":1}}},"3":{"name":"(anonymous_4)","decl":{"start":{"line":59,"column":8},"end":{"line":59,"column":9}},"loc":{"start":{"line":59,"column":94},"end":{"line":64,"column":1}}},"4":{"name":"(anonymous_5)","decl":{"start":{"line":67,"column":8},"end":{"line":67,"column":9}},"loc":{"start":{"line":67,"column":21},"end":{"line":72,"column":1}}},"5":{"name":"(anonymous_6)","decl":{"start":{"line":75,"column":17},"end":{"line":75,"column":20}},"loc":{"start":{"line":75,"column":22},"end":{"line":82,"column":1}}}},"branchMap":{"0":{"loc":{"start":{"line":8,"column":13},"end":{"line":8,"column":37}},"type":"binary-expr","locations":[{"start":{"line":8,"column":13},"end":{"line":8,"column":29}},{"start":{"line":8,"column":33},"end":{"line":8,"column":37}}]},"1":{"loc":{"start":{"line":18,"column":10},"end":{"line":18,"column":79}},"type":"binary-expr","locations":[{"start":{"line":18,"column":10},"end":{"line":18,"column":36}},{"start":{"line":18,"column":40},"end":{"line":18,"column":79}}]},"2":{"loc":{"start":{"line":28,"column":2},"end":{"line":30,"column":3}},"type":"if","locations":[{"start":{"line":28,"column":2},"end":{"line":30,"column":3}}]},"3":{"loc":{"start":{"line":61,"column":13},"end":{"line":61,"column":30}},"type":"binary-expr","locations":[{"start":{"line":61,"column":13},"end":{"line":61,"column":23}},{"start":{"line":61,"column":27},"end":{"line":61,"column":30}}]},"4":{"loc":{"start":{"line":62,"column":11},"end":{"line":62,"column":93}},"type":"cond-expr","locations":[{"start":{"line":62,"column":51},"end":{"line":62,"column":79}},{"start":{"line":62,"column":82},"end":{"line":62,"column":93}}]}},"s":{"0":0,"1":0,"2":0,"3":0,"4":0,"5":0,"6":0,"7":0,"8":0,"9":0,"10":0,"11":0,"12":0,"13":0,"14":0,"15":0,"16":0,"17":0,"18":0,"19":0,"20":0,"21":0,"22":0,"23":0,"24":0,"25":0,"26":0,"27":0,"28":0,"29":0,"30":0,"31":0,"32":0,"33":0},"f":{"0":0,"1":0,"2":0,"3":0,"4":0,"5":0},"b":{"0":[0,0],"1":[0,0],"2":[0],"3":[0,0],"4":[0,0]}}
,"C:\\Users\\ESTEFANIA\\Downloads\\zapateria-app\\src\\middleware\\auth.ts": {"path":"C:\\Users\\ESTEFANIA\\Downloads\\zapateria-app\\src\\middleware\\auth.ts","statementMap":{"0":{"start":{"line":25,"column":0},"end":{"line":25,"column":16}},"1":{"start":{"line":74,"column":0},"end":{"line":74,"column":16}},"2":{"start":{"line":85,"column":0},"end":{"line":85,"column":16}},"3":{"start":{"line":114,"column":0},"end":{"line":114,"column":16}},"4":{"start":{"line":145,"column":0},"end":{"line":145,"column":16}},"5":{"start":{"line":195,"column":0},"end":{"line":195,"column":16}},"6":{"start":{"line":204,"column":0},"end":{"line":204,"column":16}},"7":{"start":{"line":212,"column":0},"end":{"line":212,"column":16}},"8":{"start":{"line":231,"column":0},"end":{"line":231,"column":16}},"9":{"start":{"line":246,"column":0},"end":{"line":246,"column":16}},"10":{"start":{"line":261,"column":0},"end":{"line":261,"column":16}},"11":{"start":{"line":300,"column":0},"end":{"line":300,"column":16}},"12":{"start":{"line":345,"column":0},"end":{"line":345,"column":16}},"13":{"start":{"line":352,"column":0},"end":{"line":352,"column":16}},"14":{"start":{"line":368,"column":0},"end":{"line":368,"column":16}},"15":{"start":{"line":375,"column":0},"end":{"line":375,"column":16}},"16":{"start":{"line":7,"column":0},"end":{"line":7,"column":61}},"17":{"start":{"line":19,"column":39},"end":{"line":19,"column":41}},"18":{"start":{"line":26,"column":2},"end":{"line":64,"column":4}},"19":{"start":{"line":27,"column":15},"end":{"line":27,"column":62}},"20":{"start":{"line":28,"column":16},"end":{"line":28,"column":26}},"21":{"start":{"line":30,"column":4},"end":{"line":36,"column":5}},"22":{"start":{"line":31,"column":6},"end":{"line":34,"column":8}},"23":{"start":{"line":35,"column":6},"end":{"line":35,"column":20}},"24":{"start":{"line":38,"column":19},"end":{"line":38,"column":37}},"25":{"start":{"line":41,"column":4},"end":{"line":45,"column":5}},"26":{"start":{"line":42,"column":6},"end":{"line":42,"column":23}},"27":{"start":{"line":43,"column":6},"end":{"line":43,"column":40}},"28":{"start":{"line":44,"column":6},"end":{"line":44,"column":20}},"29":{"start":{"line":48,"column":4},"end":{"line":48,"column":19}},"30":{"start":{"line":51,"column":4},"end":{"line":56,"column":5}},"31":{"start":{"line":52,"column":6},"end":{"line":55,"column":9}},"32":{"start":{"line":59,"column":4},"end":{"line":59,"column":63}},"33":{"start":{"line":60,"column":4},"end":{"line":60,"column":84}},"34":{"start":{"line":61,"column":4},"end":{"line":61,"column":81}},"35":{"start":{"line":63,"column":4},"end":{"line":63,"column":11}},"36":{"start":{"line":75,"column":2},"end":{"line":75,"column":43}},"37":{"start":{"line":75,"column":33},"end":{"line":75,"column":43}},"38":{"start":{"line":76,"column":2},"end":{"line":79,"column":24}},"39":{"start":{"line":86,"column":2},"end":{"line":88,"column":3}},"40":{"start":{"line":87,"column":4},"end":{"line":87,"column":54}},"41":{"start":{"line":90,"column":29},"end":{"line":90,"column":33}},"42":{"start":{"line":93,"column":2},"end":{"line":95,"column":3}},"43":{"start":{"line":94,"column":4},"end":{"line":94,"column":57}},"44":{"start":{"line":98,"column":2},"end":{"line":100,"column":3}},"45":{"start":{"line":99,"column":4},"end":{"line":99,"column":64}},"46":{"start":{"line":102,"column":2},"end":{"line":108,"column":4}},"47":{"start":{"line":116,"column":2},"end":{"line":122,"column":3}},"48":{"start":{"line":117,"column":4},"end":{"line":121,"column":7}},"49":{"start":{"line":118,"column":6},"end":{"line":120,"column":7}},"50":{"start":{"line":119,"column":8},"end":{"line":119,"column":56}},"51":{"start":{"line":125,"column":2},"end":{"line":132,"column":3}},"52":{"start":{"line":126,"column":24},"end":{"line":126,"column":51}},"53":{"start":{"line":127,"column":4},"end":{"line":131,"column":5}},"54":{"start":{"line":128,"column":6},"end":{"line":130,"column":9}},"55":{"start":{"line":134,"column":2},"end":{"line":134,"column":9}},"56":{"start":{"line":147,"column":2},"end":{"line":147,"column":43}},"57":{"start":{"line":150,"column":2},"end":{"line":150,"column":53}},"58":{"start":{"line":153,"column":2},"end":{"line":153,"column":53}},"59":{"start":{"line":156,"column":2},"end":{"line":163,"column":4}},"60":{"start":{"line":166,"column":2},"end":{"line":166,"column":84}},"61":{"start":{"line":169,"column":2},"end":{"line":169,"column":70}},"62":{"start":{"line":172,"column":2},"end":{"line":172,"column":82}},"63":{"start":{"line":174,"column":2},"end":{"line":174,"column":9}},"64":{"start":{"line":190,"column":33},"end":{"line":190,"column":42}},"65":{"start":{"line":196,"column":18},"end":{"line":196,"column":57}},"66":{"start":{"line":197,"column":15},"end":{"line":197,"column":81}},"67":{"start":{"line":198,"column":2},"end":{"line":198,"column":33}},"68":{"start":{"line":205,"column":28},"end":{"line":205,"column":56}},"69":{"start":{"line":206,"column":2},"end":{"line":206,"column":26}},"70":{"start":{"line":213,"column":25},"end":{"line":213,"column":47}},"71":{"start":{"line":214,"column":17},"end":{"line":214,"column":48}},"72":{"start":{"line":216,"column":21},"end":{"line":222,"column":4}},"73":{"start":{"line":224,"column":2},"end":{"line":224,"column":28}},"74":{"start":{"line":225,"column":2},"end":{"line":225,"column":14}},"75":{"start":{"line":232,"column":15},"end":{"line":232,"column":34}},"76":{"start":{"line":233,"column":2},"end":{"line":233,"column":25}},"77":{"start":{"line":233,"column":13},"end":{"line":233,"column":25}},"78":{"start":{"line":235,"column":23},"end":{"line":235,"column":51}},"79":{"start":{"line":236,"column":2},"end":{"line":238,"column":3}},"80":{"start":{"line":237,"column":4},"end":{"line":237,"column":16}},"81":{"start":{"line":240,"column":2},"end":{"line":240,"column":14}},"82":{"start":{"line":247,"column":20},"end":{"line":247,"column":31}},"83":{"start":{"line":249,"column":2},"end":{"line":253,"column":3}},"84":{"start":{"line":250,"column":4},"end":{"line":252,"column":7}},"85":{"start":{"line":255,"column":2},"end":{"line":255,"column":9}},"86":{"start":{"line":262,"column":2},"end":{"line":278,"column":4}},"87":{"start":{"line":263,"column":22},"end":{"line":263,"column":33}},"88":{"start":{"line":265,"column":4},"end":{"line":269,"column":5}},"89":{"start":{"line":266,"column":6},"end":{"line":268,"column":9}},"90":{"start":{"line":271,"column":4},"end":{"line":275,"column":5}},"91":{"start":{"line":272,"column":6},"end":{"line":274,"column":9}},"92":{"start":{"line":277,"column":4},"end":{"line":277,"column":11}},"93":{"start":{"line":295,"column":30},"end":{"line":295,"column":32}},"94":{"start":{"line":301,"column":20},"end":{"line":301,"column":30}},"95":{"start":{"line":302,"column":13},"end":{"line":302,"column":60}},"96":{"start":{"line":303,"column":20},"end":{"line":303,"column":31}},"97":{"start":{"line":306,"column":23},"end":{"line":306,"column":31}},"98":{"start":{"line":307,"column":2},"end":{"line":337,"column":4}},"99":{"start":{"line":308,"column":4},"end":{"line":308,"column":28}},"100":{"start":{"line":310,"column":26},"end":{"line":317,"column":6}},"101":{"start":{"line":320,"column":4},"end":{"line":320,"column":24}},"102":{"start":{"line":323,"column":4},"end":{"line":325,"column":5}},"103":{"start":{"line":324,"column":6},"end":{"line":324,"column":24}},"104":{"start":{"line":328,"column":21},"end":{"line":328,"column":43}},"105":{"start":{"line":329,"column":4},"end":{"line":334,"column":6}},"106":{"start":{"line":336,"column":4},"end":{"line":336,"column":41}},"107":{"start":{"line":339,"column":2},"end":{"line":339,"column":9}},"108":{"start":{"line":346,"column":2},"end":{"line":346,"column":33}},"109":{"start":{"line":353,"column":21},"end":{"line":355,"column":64}},"110":{"start":{"line":354,"column":19},"end":{"line":354,"column":32}},"111":{"start":{"line":355,"column":19},"end":{"line":355,"column":63}},"112":{"start":{"line":357,"column":2},"end":{"line":360,"column":3}},"113":{"start":{"line":358,"column":4},"end":{"line":358,"column":67}},"114":{"start":{"line":359,"column":4},"end":{"line":359,"column":16}},"115":{"start":{"line":362,"column":2},"end":{"line":362,"column":15}},"116":{"start":{"line":369,"column":2},"end":{"line":369,"column":41}},"117":{"start":{"line":376,"column":2},"end":{"line":376,"column":32}},"118":{"start":{"line":379,"column":0},"end":{"line":396,"column":2}}},"fnMap":{"0":{"name":"rateLimiter","decl":{"start":{"line":25,"column":16},"end":{"line":25,"column":27}},"loc":{"start":{"line":25,"column":79},"end":{"line":65,"column":1}}},"1":{"name":"(anonymous_1)","decl":{"start":{"line":26,"column":9},"end":{"line":26,"column":10}},"loc":{"start":{"line":26,"column":61},"end":{"line":64,"column":3}}},"2":{"name":"sanitizeString","decl":{"start":{"line":74,"column":16},"end":{"line":74,"column":30}},"loc":{"start":{"line":74,"column":41},"end":{"line":80,"column":1}}},"3":{"name":"validateCartData","decl":{"start":{"line":85,"column":16},"end":{"line":85,"column":32}},"loc":{"start":{"line":85,"column":42},"end":{"line":109,"column":1}}},"4":{"name":"inputValidator","decl":{"start":{"line":114,"column":16},"end":{"line":114,"column":30}},"loc":{"start":{"line":114,"column":78},"end":{"line":135,"column":1}}},"5":{"name":"(anonymous_5)","decl":{"start":{"line":117,"column":35},"end":{"line":117,"column":38}},"loc":{"start":{"line":117,"column":41},"end":{"line":121,"column":5}}},"6":{"name":"securityHeaders","decl":{"start":{"line":145,"column":16},"end":{"line":145,"column":31}},"loc":{"start":{"line":145,"column":79},"end":{"line":175,"column":1}}},"7":{"name":"hashPassword","decl":{"start":{"line":195,"column":16},"end":{"line":195,"column":28}},"loc":{"start":{"line":195,"column":60},"end":{"line":199,"column":1}}},"8":{"name":"verifyPassword","decl":{"start":{"line":204,"column":16},"end":{"line":204,"column":30}},"loc":{"start":{"line":204,"column":75},"end":{"line":207,"column":1}}},"9":{"name":"createUser","decl":{"start":{"line":212,"column":16},"end":{"line":212,"column":26}},"loc":{"start":{"line":212,"column":94},"end":{"line":226,"column":1}}},"10":{"name":"authenticateUser","decl":{"start":{"line":231,"column":16},"end":{"line":231,"column":32}},"loc":{"start":{"line":231,"column":67},"end":{"line":241,"column":1}}},"11":{"name":"requireAuth","decl":{"start":{"line":246,"column":16},"end":{"line":246,"column":27}},"loc":{"start":{"line":246,"column":75},"end":{"line":256,"column":1}}},"12":{"name":"requireRole","decl":{"start":{"line":261,"column":16},"end":{"line":261,"column":27}},"loc":{"start":{"line":261,"column":50},"end":{"line":279,"column":1}}},"13":{"name":"(anonymous_13)","decl":{"start":{"line":262,"column":9},"end":{"line":262,"column":10}},"loc":{"start":{"line":262,"column":61},"end":{"line":278,"column":3}}},"14":{"name":"auditLogger","decl":{"start":{"line":300,"column":16},"end":{"line":300,"column":27}},"loc":{"start":{"line":300,"column":75},"end":{"line":340,"column":1}}},"15":{"name":"(anonymous_15)","decl":{"start":{"line":307,"column":13},"end":{"line":307,"column":23}},"loc":{"start":{"line":307,"column":32},"end":{"line":337,"column":3}}},"16":{"name":"getAuditLogs","decl":{"start":{"line":345,"column":16},"end":{"line":345,"column":28}},"loc":{"start":{"line":345,"column":48},"end":{"line":347,"column":1}}},"17":{"name":"detectSuspiciousActivity","decl":{"start":{"line":352,"column":16},"end":{"line":352,"column":40}},"loc":{"start":{"line":352,"column":51},"end":{"line":363,"column":1}}},"18":{"name":"(anonymous_18)","decl":{"start":{"line":354,"column":12},"end":{"line":354,"column":15}},"loc":{"start":{"line":354,"column":19},"end":{"line":354,"column":32}}},"19":{"name":"(anonymous_19)","decl":{"start":{"line":355,"column":12},"end":{"line":355,"column":15}},"loc":{"start":{"line":355,"column":19},"end":{"line":355,"column":63}}},"20":{"name":"generateCSRFToken","decl":{"start":{"line":368,"column":16},"end":{"line":368,"column":33}},"loc":{"start":{"line":368,"column":33},"end":{"line":370,"column":1}}},"21":{"name":"verifyCSRFToken","decl":{"start":{"line":375,"column":16},"end":{"line":375,"column":31}},"loc":{"start":{"line":375,"column":67},"end":{"line":377,"column":1}}}},"branchMap":{"0":{"loc":{"start":{"line":25,"column":28},"end":{"line":25,"column":53}},"type":"default-arg","locations":[{"start":{"line":25,"column":50},"end":{"line":25,"column":53}}]},"1":{"loc":{"start":{"line":25,"column":55},"end":{"line":25,"column":79}},"type":"default-arg","locations":[{"start":{"line":25,"column":74},"end":{"line":25,"column":79}}]},"2":{"loc":{"start":{"line":27,"column":15},"end":{"line":27,"column":62}},"type":"binary-expr","locations":[{"start":{"line":27,"column":15},"end":{"line":27,"column":21}},{"start":{"line":27,"column":25},"end":{"line":27,"column":49}},{"start":{"line":27,"column":53},"end":{"line":27,"column":62}}]},"3":{"loc":{"start":{"line":30,"column":4},"end":{"line":36,"column":5}},"type":"if","locations":[{"start":{"line":30,"column":4},"end":{"line":36,"column":5}}]},"4":{"loc":{"start":{"line":41,"column":4},"end":{"line":45,"column":5}},"type":"if","locations":[{"start":{"line":41,"column":4},"end":{"line":45,"column":5}}]},"5":{"loc":{"start":{"line":51,"column":4},"end":{"line":56,"column":5}},"type":"if","locations":[{"start":{"line":51,"column":4},"end":{"line":56,"column":5}}]},"6":{"loc":{"start":{"line":75,"column":2},"end":{"line":75,"column":43}},"type":"if","locations":[{"start":{"line":75,"column":2},"end":{"line":75,"column":43}}]},"7":{"loc":{"start":{"line":86,"column":2},"end":{"line":88,"column":3}},"type":"if","locations":[{"start":{"line":86,"column":2},"end":{"line":88,"column":3}}]},"8":{"loc":{"start":{"line":86,"column":6},"end":{"line":86,"column":39}},"type":"binary-expr","locations":[{"start":{"line":86,"column":6},"end":{"line":86,"column":11}},{"start":{"line":86,"column":15},"end":{"line":86,"column":39}}]},"9":{"loc":{"start":{"line":93,"column":2},"end":{"line":95,"column":3}},"type":"if","locations":[{"start":{"line":93,"column":2},"end":{"line":95,"column":3}}]},"10":{"loc":{"start":{"line":93,"column":6},"end":{"line":93,"column":70}},"type":"binary-expr","locations":[{"start":{"line":93,"column":6},"end":{"line":93,"column":34}},{"start":{"line":93,"column":38},"end":{"line":93,"column":51}},{"start":{"line":93,"column":55},"end":{"line":93,"column":70}}]},"11":{"loc":{"start":{"line":98,"column":2},"end":{"line":100,"column":3}},"type":"if","locations":[{"start":{"line":98,"column":2},"end":{"line":100,"column":3}}]},"12":{"loc":{"start":{"line":98,"column":6},"end":{"line":98,"column":52}},"type":"binary-expr","locations":[{"start":{"line":98,"column":6},"end":{"line":98,"column":28}},{"start":{"line":98,"column":32},"end":{"line":98,"column":39}},{"start":{"line":98,"column":43},"end":{"line":98,"column":52}}]},"13":{"loc":{"start":{"line":116,"column":2},"end":{"line":122,"column":3}},"type":"if","locations":[{"start":{"line":116,"column":2},"end":{"line":122,"column":3}}]},"14":{"loc":{"start":{"line":118,"column":6},"end":{"line":120,"column":7}},"type":"if","locations":[{"start":{"line":118,"column":6},"end":{"line":120,"column":7}}]},"15":{"loc":{"start":{"line":125,"column":2},"end":{"line":132,"column":3}},"type":"if","locations":[{"start":{"line":125,"column":2},"end":{"line":132,"column":3}}]},"16":{"loc":{"start":{"line":127,"column":4},"end":{"line":131,"column":5}},"type":"if","locations":[{"start":{"line":127,"column":4},"end":{"line":131,"column":5}}]},"17":{"loc":{"start":{"line":127,"column":8},"end":{"line":127,"column":65}},"type":"binary-expr","locations":[{"start":{"line":127,"column":8},"end":{"line":127,"column":20}},{"start":{"line":127,"column":24},"end":{"line":127,"column":65}}]},"18":{"loc":{"start":{"line":196,"column":18},"end":{"line":196,"column":57}},"type":"binary-expr","locations":[{"start":{"line":196,"column":18},"end":{"line":196,"column":22}},{"start":{"line":196,"column":26},"end":{"line":196,"column":57}}]},"19":{"loc":{"start":{"line":212,"column":63},"end":{"line":212,"column":94}},"type":"default-arg","locations":[{"start":{"line":212,"column":88},"end":{"line":212,"column":94}}]},"20":{"loc":{"start":{"line":233,"column":2},"end":{"line":233,"column":25}},"type":"if","locations":[{"start":{"line":233,"column":2},"end":{"line":233,"column":25}}]},"21":{"loc":{"start":{"line":236,"column":2},"end":{"line":238,"column":3}},"type":"if","locations":[{"start":{"line":236,"column":2},"end":{"line":238,"column":3}}]},"22":{"loc":{"start":{"line":249,"column":2},"end":{"line":253,"column":3}},"type":"if","locations":[{"start":{"line":249,"column":2},"end":{"line":253,"column":3}}]},"23":{"loc":{"start":{"line":265,"column":4},"end":{"line":269,"column":5}},"type":"if","locations":[{"start":{"line":265,"column":4},"end":{"line":269,"column":5}}]},"24":{"loc":{"start":{"line":265,"column":8},"end":{"line":265,"column":38}},"type":"binary-expr","locations":[{"start":{"line":265,"column":8},"end":{"line":265,"column":20}},{"start":{"line":265,"column":24},"end":{"line":265,"column":38}}]},"25":{"loc":{"start":{"line":271,"column":4},"end":{"line":275,"column":5}},"type":"if","locations":[{"start":{"line":271,"column":4},"end":{"line":275,"column":5}}]},"26":{"loc":{"start":{"line":271,"column":8},"end":{"line":271,"column":50}},"type":"binary-expr","locations":[{"start":{"line":271,"column":8},"end":{"line":271,"column":30}},{"start":{"line":271,"column":34},"end":{"line":271,"column":50}}]},"27":{"loc":{"start":{"line":302,"column":13},"end":{"line":302,"column":60}},"type":"binary-expr","locations":[{"start":{"line":302,"column":13},"end":{"line":302,"column":19}},{"start":{"line":302,"column":23},"end":{"line":302,"column":47}},{"start":{"line":302,"column":51},"end":{"line":302,"column":60}}]},"28":{"loc":{"start":{"line":323,"column":4},"end":{"line":325,"column":5}},"type":"if","locations":[{"start":{"line":323,"column":4},"end":{"line":325,"column":5}}]},"29":{"loc":{"start":{"line":345,"column":29},"end":{"line":345,"column":48}},"type":"default-arg","locations":[{"start":{"line":345,"column":45},"end":{"line":345,"column":48}}]},"30":{"loc":{"start":{"line":357,"column":2},"end":{"line":360,"column":3}},"type":"if","locations":[{"start":{"line":357,"column":2},"end":{"line":360,"column":3}}]}},"s":{"0":0,"1":0,"2":0,"3":0,"4":0,"5":0,"6":0,"7":0,"8":0,"9":0,"10":0,"11":0,"12":0,"13":0,"14":0,"15":0,"16":0,"17":0,"18":0,"19":0,"20":0,"21":0,"22":0,"23":0,"24":0,"25":0,"26":0,"27":0,"28":0,"29":0,"30":0,"31":0,"32":0,"33":0,"34":0,"35":0,"36":0,"37":0,"38":0,"39":0,"40":0,"41":0,"42":0,"43":0,"44":0,"45":0,"46":0,"47":0,"48":0,"49":0,"50":0,"51":0,"52":0,"53":0,"54":0,"55":0,"56":0,"57":0,"58":0,"59":0,"60":0,"61":0,"62":0,"63":0,"64":0,"65":0,"66":0,"67":0,"68":0,"69":0,"70":0,"71":0,"72":0,"73":0,"74":0,"75":0,"76":0,"77":0,"78":0,"79":0,"80":0,"81":0,"82":0,"83":0,"84":0,"85":0,"86":0,"87":0,"88":0,"89":0,"90":0,"91":0,"92":0,"93":0,"94":0,"95":0,"96":0,"97":0,"98":0,"99":0,"100":0,"101":0,"102":0,"103":0,"104":0,"105":0,"106":0,"107":0,"108":0,"109":0,"110":0,"111":0,"112":0,"113":0,"114":0,"115":0,"116":0,"117":0,"118":0},"f":{"0":0,"1":0,"2":0,"3":0,"4":0,"5":0,"6":0,"7":0,"8":0,"9":0,"10":0,"11":0,"12":0,"13":0,"14":0,"15":0,"16":0,"17":0,"18":0,"19":0,"20":0,"21":0},"b":{"0":[0],"1":[0],"2":[0,0,0],"3":[0],"4":[0],"5":[0],"6":[0],"7":[0],"8":[0,0],"9":[0],"10":[0,0,0],"11":[0],"12":[0,0,0],"13":[0],"14":[0],"15":[0],"16":[0],"17":[0,0],"18":[0,0],"19":[0],"20":[0],"21":[0],"22":[0],"23":[0],"24":[0,0],"25":[0],"26":[0,0],"27":[0,0,0],"28":[0],"29":[0],"30":[0]}}
,"C:\\Users\\ESTEFANIA\\Downloads\\zapateria-app\\src\\routes\\cart.ts": {"path":"C:\\Users\\ESTEFANIA\\Downloads\\zapateria-app\\src\\routes\\cart.ts","statementMap":{"0":{"start":{"line":1,"column":0},"end":{"line":1,"column":33}},"1":{"start":{"line":2,"column":0},"end":{"line":2,"column":36}},"2":{"start":{"line":3,"column":0},"end":{"line":3,"column":24}},"3":{"start":{"line":6,"column":15},"end":{"line":6,"column":23}},"4":{"start":{"line":7,"column":18},"end":{"line":7,"column":70}},"5":{"start":{"line":11,"column":2},"end":{"line":18,"column":3}},"6":{"start":{"line":12,"column":17},"end":{"line":12,"column":72}},"7":{"start":{"line":12,"column":67},"end":{"line":12,"column":71}},"8":{"start":{"line":13,"column":21},"end":{"line":13,"column":37}},"9":{"start":{"line":14,"column":4},"end":{"line":14,"column":28}},"10":{"start":{"line":15,"column":4},"end":{"line":15,"column":69}},"11":{"start":{"line":17,"column":4},"end":{"line":17,"column":47}},"12":{"start":{"line":22,"column":2},"end":{"line":28,"column":3}},"13":{"start":{"line":23,"column":17},"end":{"line":23,"column":54}},"14":{"start":{"line":24,"column":21},"end":{"line":24,"column":37}},"15":{"start":{"line":25,"column":4},"end":{"line":25,"column":34}},"16":{"start":{"line":27,"column":4},"end":{"line":27,"column":14}},"17":{"start":{"line":32,"column":0},"end":{"line":43,"column":3}},"18":{"start":{"line":33,"column":20},"end":{"line":33,"column":31}},"19":{"start":{"line":34,"column":17},"end":{"line":34,"column":43}},"20":{"start":{"line":37,"column":2},"end":{"line":39,"column":3}},"21":{"start":{"line":38,"column":4},"end":{"line":38,"column":47}},"22":{"start":{"line":41,"column":27},"end":{"line":41,"column":42}},"23":{"start":{"line":42,"column":2},"end":{"line":42,"column":17}},"24":{"start":{"line":46,"column":0},"end":{"line":72,"column":3}},"25":{"start":{"line":47,"column":20},"end":{"line":47,"column":31}},"26":{"start":{"line":48,"column":27},"end":{"line":48,"column":42}},"27":{"start":{"line":51,"column":36},"end":{"line":51,"column":65}},"28":{"start":{"line":52,"column":27},"end":{"line":52,"column":76}},"29":{"start":{"line":55,"column":14},"end":{"line":55,"column":15}},"30":{"start":{"line":56,"column":2},"end":{"line":65,"column":3}},"31":{"start":{"line":59,"column":43},"end":{"line":62,"column":6}},"32":{"start":{"line":63,"column":18},"end":{"line":63,"column":45}},"33":{"start":{"line":64,"column":4},"end":{"line":64,"column":30}},"34":{"start":{"line":67,"column":2},"end":{"line":71,"column":5}},"35":{"start":{"line":69,"column":39},"end":{"line":69,"column":50}},"36":{"start":{"line":75,"column":0},"end":{"line":137,"column":3}},"37":{"start":{"line":76,"column":29},"end":{"line":76,"column":49}},"38":{"start":{"line":79,"column":2},"end":{"line":83,"column":3}},"39":{"start":{"line":80,"column":4},"end":{"line":82,"column":7}},"40":{"start":{"line":86,"column":2},"end":{"line":90,"column":3}},"41":{"start":{"line":87,"column":4},"end":{"line":89,"column":7}},"42":{"start":{"line":93,"column":2},"end":{"line":97,"column":3}},"43":{"start":{"line":94,"column":4},"end":{"line":96,"column":7}},"44":{"start":{"line":100,"column":2},"end":{"line":104,"column":3}},"45":{"start":{"line":101,"column":4},"end":{"line":103,"column":7}},"46":{"start":{"line":107,"column":43},"end":{"line":109,"column":4}},"47":{"start":{"line":111,"column":20},"end":{"line":111,"column":31}},"48":{"start":{"line":112,"column":2},"end":{"line":112,"column":30}},"49":{"start":{"line":113,"column":2},"end":{"line":113,"column":52}},"50":{"start":{"line":115,"column":19},"end":{"line":115,"column":77}},"51":{"start":{"line":115,"column":51},"end":{"line":115,"column":76}},"52":{"start":{"line":116,"column":21},"end":{"line":116,"column":48}},"53":{"start":{"line":117,"column":17},"end":{"line":117,"column":33}},"54":{"start":{"line":119,"column":2},"end":{"line":123,"column":3}},"55":{"start":{"line":120,"column":4},"end":{"line":122,"column":7}},"56":{"start":{"line":126,"column":14},"end":{"line":126,"column":77}},"57":{"start":{"line":126,"column":51},"end":{"line":126,"column":76}},"58":{"start":{"line":127,"column":2},"end":{"line":131,"column":3}},"59":{"start":{"line":128,"column":4},"end":{"line":128,"column":30}},"60":{"start":{"line":130,"column":4},"end":{"line":130,"column":39}},"61":{"start":{"line":134,"column":2},"end":{"line":134,"column":47}},"62":{"start":{"line":136,"column":2},"end":{"line":136,"column":42}},"63":{"start":{"line":140,"column":0},"end":{"line":166,"column":3}},"64":{"start":{"line":141,"column":24},"end":{"line":141,"column":57}},"65":{"start":{"line":144,"column":2},"end":{"line":148,"column":3}},"66":{"start":{"line":145,"column":4},"end":{"line":147,"column":7}},"67":{"start":{"line":151,"column":2},"end":{"line":155,"column":3}},"68":{"start":{"line":152,"column":4},"end":{"line":154,"column":7}},"69":{"start":{"line":157,"column":20},"end":{"line":157,"column":31}},"70":{"start":{"line":158,"column":2},"end":{"line":158,"column":83}},"71":{"start":{"line":158,"column":56},"end":{"line":158,"column":81}},"72":{"start":{"line":161,"column":2},"end":{"line":163,"column":3}},"73":{"start":{"line":162,"column":4},"end":{"line":162,"column":49}},"74":{"start":{"line":165,"column":2},"end":{"line":165,"column":42}},"75":{"start":{"line":169,"column":0},"end":{"line":179,"column":3}},"76":{"start":{"line":170,"column":20},"end":{"line":170,"column":31}},"77":{"start":{"line":171,"column":2},"end":{"line":171,"column":17}},"78":{"start":{"line":174,"column":2},"end":{"line":176,"column":3}},"79":{"start":{"line":175,"column":4},"end":{"line":175,"column":49}},"80":{"start":{"line":178,"column":2},"end":{"line":178,"column":35}},"81":{"start":{"line":181,"column":0},"end":{"line":181,"column":22}}},"fnMap":{"0":{"name":"saveCartToFile","decl":{"start":{"line":10,"column":15},"end":{"line":10,"column":29}},"loc":{"start":{"line":10,"column":62},"end":{"line":19,"column":1}}},"1":{"name":"(anonymous_11)","decl":{"start":{"line":12,"column":61},"end":{"line":12,"column":64}},"loc":{"start":{"line":12,"column":67},"end":{"line":12,"column":71}}},"2":{"name":"loadCartFromFile","decl":{"start":{"line":21,"column":15},"end":{"line":21,"column":31}},"loc":{"start":{"line":21,"column":46},"end":{"line":29,"column":1}}},"3":{"name":"(anonymous_13)","decl":{"start":{"line":32,"column":16},"end":{"line":32,"column":21}},"loc":{"start":{"line":32,"column":35},"end":{"line":43,"column":1}}},"4":{"name":"(anonymous_14)","decl":{"start":{"line":46,"column":21},"end":{"line":46,"column":26}},"loc":{"start":{"line":46,"column":40},"end":{"line":72,"column":1}}},"5":{"name":"(anonymous_15)","decl":{"start":{"line":51,"column":36},"end":{"line":51,"column":49}},"loc":{"start":{"line":51,"column":36},"end":{"line":51,"column":65}}},"6":{"name":"(anonymous_16)","decl":{"start":{"line":69,"column":27},"end":{"line":69,"column":28}},"loc":{"start":{"line":69,"column":39},"end":{"line":69,"column":50}}},"7":{"name":"(anonymous_17)","decl":{"start":{"line":75,"column":20},"end":{"line":75,"column":25}},"loc":{"start":{"line":75,"column":39},"end":{"line":137,"column":1}}},"8":{"name":"(anonymous_18)","decl":{"start":{"line":115,"column":34},"end":{"line":115,"column":35}},"loc":{"start":{"line":115,"column":51},"end":{"line":115,"column":76}}},"9":{"name":"(anonymous_19)","decl":{"start":{"line":126,"column":34},"end":{"line":126,"column":35}},"loc":{"start":{"line":126,"column":51},"end":{"line":126,"column":76}}},"10":{"name":"(anonymous_20)","decl":{"start":{"line":140,"column":23},"end":{"line":140,"column":28}},"loc":{"start":{"line":140,"column":42},"end":{"line":166,"column":1}}},"11":{"name":"(anonymous_21)","decl":{"start":{"line":158,"column":39},"end":{"line":158,"column":40}},"loc":{"start":{"line":158,"column":56},"end":{"line":158,"column":81}}},"12":{"name":"(anonymous_22)","decl":{"start":{"line":169,"column":22},"end":{"line":169,"column":27}},"loc":{"start":{"line":169,"column":41},"end":{"line":179,"column":1}}}},"branchMap":{"0":{"loc":{"start":{"line":25,"column":11},"end":{"line":25,"column":33}},"type":"binary-expr","locations":[{"start":{"line":25,"column":11},"end":{"line":25,"column":27}},{"start":{"line":25,"column":31},"end":{"line":25,"column":33}}]},"1":{"loc":{"start":{"line":34,"column":17},"end":{"line":34,"column":43}},"type":"binary-expr","locations":[{"start":{"line":34,"column":17},"end":{"line":34,"column":28}},{"start":{"line":34,"column":32},"end":{"line":34,"column":43}}]},"2":{"loc":{"start":{"line":37,"column":2},"end":{"line":39,"column":3}},"type":"if","locations":[{"start":{"line":37,"column":2},"end":{"line":39,"column":3}}]},"3":{"loc":{"start":{"line":41,"column":27},"end":{"line":41,"column":42}},"type":"binary-expr","locations":[{"start":{"line":41,"column":27},"end":{"line":41,"column":36}},{"start":{"line":41,"column":40},"end":{"line":41,"column":42}}]},"4":{"loc":{"start":{"line":48,"column":27},"end":{"line":48,"column":42}},"type":"binary-expr","locations":[{"start":{"line":48,"column":27},"end":{"line":48,"column":36}},{"start":{"line":48,"column":40},"end":{"line":48,"column":42}}]},"5":{"loc":{"start":{"line":63,"column":18},"end":{"line":63,"column":45}},"type":"binary-expr","locations":[{"start":{"line":63,"column":18},"end":{"line":63,"column":40}},{"start":{"line":63,"column":44},"end":{"line":63,"column":45}}]},"6":{"loc":{"start":{"line":79,"column":2},"end":{"line":83,"column":3}},"type":"if","locations":[{"start":{"line":79,"column":2},"end":{"line":83,"column":3}}]},"7":{"loc":{"start":{"line":79,"column":6},"end":{"line":79,"column":31}},"type":"binary-expr","locations":[{"start":{"line":79,"column":6},"end":{"line":79,"column":16}},{"start":{"line":79,"column":20},"end":{"line":79,"column":31}}]},"8":{"loc":{"start":{"line":86,"column":2},"end":{"line":90,"column":3}},"type":"if","locations":[{"start":{"line":86,"column":2},"end":{"line":90,"column":3}}]},"9":{"loc":{"start":{"line":86,"column":6},"end":{"line":86,"column":62}},"type":"binary-expr","locations":[{"start":{"line":86,"column":6},"end":{"line":86,"column":35}},{"start":{"line":86,"column":39},"end":{"line":86,"column":62}}]},"10":{"loc":{"start":{"line":93,"column":2},"end":{"line":97,"column":3}},"type":"if","locations":[{"start":{"line":93,"column":2},"end":{"line":97,"column":3}}]},"11":{"loc":{"start":{"line":100,"column":2},"end":{"line":104,"column":3}},"type":"if","locations":[{"start":{"line":100,"column":2},"end":{"line":104,"column":3}}]},"12":{"loc":{"start":{"line":100,"column":6},"end":{"line":100,"column":36}},"type":"binary-expr","locations":[{"start":{"line":100,"column":6},"end":{"line":100,"column":19}},{"start":{"line":100,"column":23},"end":{"line":100,"column":36}}]},"13":{"loc":{"start":{"line":112,"column":14},"end":{"line":112,"column":29}},"type":"binary-expr","locations":[{"start":{"line":112,"column":14},"end":{"line":112,"column":23}},{"start":{"line":112,"column":27},"end":{"line":112,"column":29}}]},"14":{"loc":{"start":{"line":113,"column":16},"end":{"line":113,"column":51}},"type":"binary-expr","locations":[{"start":{"line":113,"column":16},"end":{"line":113,"column":27}},{"start":{"line":113,"column":31},"end":{"line":113,"column":51}}]},"15":{"loc":{"start":{"line":116,"column":21},"end":{"line":116,"column":48}},"type":"cond-expr","locations":[{"start":{"line":116,"column":32},"end":{"line":116,"column":44}},{"start":{"line":116,"column":47},"end":{"line":116,"column":48}}]},"16":{"loc":{"start":{"line":119,"column":2},"end":{"line":123,"column":3}},"type":"if","locations":[{"start":{"line":119,"column":2},"end":{"line":123,"column":3}}]},"17":{"loc":{"start":{"line":127,"column":2},"end":{"line":131,"column":3}},"type":"if","locations":[{"start":{"line":127,"column":2},"end":{"line":131,"column":3}},{"start":{"line":129,"column":9},"end":{"line":131,"column":3}}]},"18":{"loc":{"start":{"line":144,"column":2},"end":{"line":148,"column":3}},"type":"if","locations":[{"start":{"line":144,"column":2},"end":{"line":148,"column":3}}]},"19":{"loc":{"start":{"line":151,"column":2},"end":{"line":155,"column":3}},"type":"if","locations":[{"start":{"line":151,"column":2},"end":{"line":155,"column":3}}]},"20":{"loc":{"start":{"line":158,"column":15},"end":{"line":158,"column":30}},"type":"binary-expr","locations":[{"start":{"line":158,"column":15},"end":{"line":158,"column":24}},{"start":{"line":158,"column":28},"end":{"line":158,"column":30}}]},"21":{"loc":{"start":{"line":161,"column":2},"end":{"line":163,"column":3}},"type":"if","locations":[{"start":{"line":161,"column":2},"end":{"line":163,"column":3}}]},"22":{"loc":{"start":{"line":174,"column":2},"end":{"line":176,"column":3}},"type":"if","locations":[{"start":{"line":174,"column":2},"end":{"line":176,"column":3}}]}},"s":{"0":0,"1":0,"2":0,"3":0,"4":0,"5":0,"6":0,"7":0,"8":0,"9":0,"10":0,"11":0,"12":0,"13":0,"14":0,"15":0,"16":0,"17":0,"18":0,"19":0,"20":0,"21":0,"22":0,"23":0,"24":0,"25":0,"26":0,"27":0,"28":0,"29":0,"30":0,"31":0,"32":0,"33":0,"34":0,"35":0,"36":0,"37":0,"38":0,"39":0,"40":0,"41":0,"42":0,"43":0,"44":0,"45":0,"46":0,"47":0,"48":0,"49":0,"50":0,"51":0,"52":0,"53":0,"54":0,"55":0,"56":0,"57":0,"58":0,"59":0,"60":0,"61":0,"62":0,"63":0,"64":0,"65":0,"66":0,"67":0,"68":0,"69":0,"70":0,"71":0,"72":0,"73":0,"74":0,"75":0,"76":0,"77":0,"78":0,"79":0,"80":0,"81":0},"f":{"0":0,"1":0,"2":0,"3":0,"4":0,"5":0,"6":0,"7":0,"8":0,"9":0,"10":0,"11":0,"12":0},"b":{"0":[0,0],"1":[0,0],"2":[0],"3":[0,0],"4":[0,0],"5":[0,0],"6":[0],"7":[0,0],"8":[0],"9":[0,0],"10":[0],"11":[0],"12":[0,0],"13":[0,0],"14":[0,0],"15":[0,0],"16":[0],"17":[0,0],"18":[0],"19":[0],"20":[0,0],"21":[0],"22":[0]}}
,"C:\\Users\\ESTEFANIA\\Downloads\\zapateria-app\\src\\routes\\products.ts": {"path":"C:\\Users\\ESTEFANIA\\Downloads\\zapateria-app\\src\\routes\\products.ts","statementMap":{"0":{"start":{"line":1,"column":0},"end":{"line":1,"column":33}},"1":{"start":{"line":4,"column":15},"end":{"line":4,"column":23}},"2":{"start":{"line":7,"column":28},"end":{"line":17,"column":2}},"3":{"start":{"line":20,"column":0},"end":{"line":22,"column":3}},"4":{"start":{"line":21,"column":2},"end":{"line":21,"column":21}},"5":{"start":{"line":25,"column":0},"end":{"line":44,"column":3}},"6":{"start":{"line":26,"column":13},"end":{"line":26,"column":34}},"7":{"start":{"line":29,"column":2},"end":{"line":33,"column":3}},"8":{"start":{"line":30,"column":4},"end":{"line":32,"column":7}},"9":{"start":{"line":35,"column":18},"end":{"line":35,"column":49}},"10":{"start":{"line":35,"column":37},"end":{"line":35,"column":48}},"11":{"start":{"line":37,"column":2},"end":{"line":41,"column":3}},"12":{"start":{"line":38,"column":4},"end":{"line":40,"column":7}},"13":{"start":{"line":43,"column":2},"end":{"line":43,"column":20}},"14":{"start":{"line":47,"column":0},"end":{"line":54,"column":3}},"15":{"start":{"line":48,"column":16},"end":{"line":48,"column":46}},"16":{"start":{"line":49,"column":19},"end":{"line":51,"column":null}},"17":{"start":{"line":50,"column":4},"end":{"line":51,"column":47}},"18":{"start":{"line":53,"column":2},"end":{"line":53,"column":21}},"19":{"start":{"line":57,"column":0},"end":{"line":66,"column":3}},"20":{"start":{"line":58,"column":19},"end":{"line":58,"column":45}},"21":{"start":{"line":59,"column":19},"end":{"line":59,"column":52}},"22":{"start":{"line":61,"column":19},"end":{"line":62,"column":null}},"23":{"start":{"line":62,"column":4},"end":{"line":62,"column":46}},"24":{"start":{"line":65,"column":2},"end":{"line":65,"column":21}},"25":{"start":{"line":68,"column":0},"end":{"line":68,"column":22}}},"fnMap":{"0":{"name":"(anonymous_0)","decl":{"start":{"line":20,"column":16},"end":{"line":20,"column":17}},"loc":{"start":{"line":20,"column":30},"end":{"line":22,"column":1}}},"1":{"name":"(anonymous_1)","decl":{"start":{"line":25,"column":19},"end":{"line":25,"column":20}},"loc":{"start":{"line":25,"column":32},"end":{"line":44,"column":1}}},"2":{"name":"(anonymous_2)","decl":{"start":{"line":35,"column":32},"end":{"line":35,"column":33}},"loc":{"start":{"line":35,"column":37},"end":{"line":35,"column":48}}},"3":{"name":"(anonymous_3)","decl":{"start":{"line":47,"column":29},"end":{"line":47,"column":30}},"loc":{"start":{"line":47,"column":42},"end":{"line":54,"column":1}}},"4":{"name":"(anonymous_4)","decl":{"start":{"line":49,"column":35},"end":{"line":49,"column":36}},"loc":{"start":{"line":50,"column":4},"end":{"line":51,"column":47}}},"5":{"name":"(anonymous_5)","decl":{"start":{"line":57,"column":28},"end":{"line":57,"column":29}},"loc":{"start":{"line":57,"column":41},"end":{"line":66,"column":1}}},"6":{"name":"(anonymous_6)","decl":{"start":{"line":61,"column":35},"end":{"line":61,"column":36}},"loc":{"start":{"line":62,"column":4},"end":{"line":62,"column":46}}}},"branchMap":{"0":{"loc":{"start":{"line":29,"column":2},"end":{"line":33,"column":3}},"type":"if","locations":[{"start":{"line":29,"column":2},"end":{"line":33,"column":3}}]},"1":{"loc":{"start":{"line":29,"column":6},"end":{"line":29,"column":26}},"type":"binary-expr","locations":[{"start":{"line":29,"column":6},"end":{"line":29,"column":15}},{"start":{"line":29,"column":19},"end":{"line":29,"column":26}}]},"2":{"loc":{"start":{"line":37,"column":2},"end":{"line":41,"column":3}},"type":"if","locations":[{"start":{"line":37,"column":2},"end":{"line":41,"column":3}}]},"3":{"loc":{"start":{"line":50,"column":4},"end":{"line":51,"column":47}},"type":"binary-expr","locations":[{"start":{"line":50,"column":4},"end":{"line":50,"column":40}},{"start":{"line":51,"column":4},"end":{"line":51,"column":47}}]},"4":{"loc":{"start":{"line":58,"column":19},"end":{"line":58,"column":45}},"type":"binary-expr","locations":[{"start":{"line":58,"column":19},"end":{"line":58,"column":40}},{"start":{"line":58,"column":44},"end":{"line":58,"column":45}}]},"5":{"loc":{"start":{"line":59,"column":19},"end":{"line":59,"column":52}},"type":"binary-expr","locations":[{"start":{"line":59,"column":19},"end":{"line":59,"column":40}},{"start":{"line":59,"column":44},"end":{"line":59,"column":52}}]},"6":{"loc":{"start":{"line":62,"column":4},"end":{"line":62,"column":46}},"type":"binary-expr","locations":[{"start":{"line":62,"column":4},"end":{"line":62,"column":23}},{"start":{"line":62,"column":27},"end":{"line":62,"column":46}}]}},"s":{"0":0,"1":0,"2":0,"3":0,"4":0,"5":0,"6":0,"7":0,"8":0,"9":0,"10":0,"11":0,"12":0,"13":0,"14":0,"15":0,"16":0,"17":0,"18":0,"19":0,"20":0,"21":0,"22":0,"23":0,"24":0,"25":0},"f":{"0":0,"1":0,"2":0,"3":0,"4":0,"5":0,"6":0},"b":{"0":[0],"1":[0,0],"2":[0],"3":[0,0],"4":[0,0],"5":[0,0],"6":[0,0]}}
}
