TN:
SF:src\server.ts
FN:26,(anonymous_1)
FN:35,(anonymous_2)
FN:50,(anonymous_3)
FN:59,(anonymous_4)
FN:67,(anonymous_5)
FN:75,(anonymous_6)
FNF:6
FNH:0
FNDA:0,(anonymous_1)
FNDA:0,(anonymous_2)
FNDA:0,(anonymous_3)
FNDA:0,(anonymous_4)
FNDA:0,(anonymous_5)
FNDA:0,(anonymous_6)
DA:1,0
DA:2,0
DA:3,0
DA:4,0
DA:5,0
DA:7,0
DA:8,0
DA:11,0
DA:12,0
DA:13,0
DA:16,0
DA:26,0
DA:27,0
DA:28,0
DA:29,0
DA:31,0
DA:35,0
DA:36,0
DA:37,0
DA:38,0
DA:39,0
DA:43,0
DA:46,0
DA:47,0
DA:50,0
DA:51,0
DA:59,0
DA:60,0
DA:61,0
DA:67,0
DA:68,0
DA:75,0
DA:76,0
DA:84,0
LF:34
LH:0
BRDA:8,0,0,0
BRDA:8,0,1,0
BRDA:18,1,0,0
BRDA:18,1,1,0
BRDA:28,2,0,0
BRDA:61,3,0,0
BRDA:61,3,1,0
BRDA:62,4,0,0
BRDA:62,4,1,0
BRF:9
BRH:0
end_of_record
TN:
SF:src\middleware\auth.ts
FN:25,rateLimiter
FN:26,(anonymous_1)
FN:74,sanitizeString
FN:85,validateCartData
FN:114,inputValidator
FN:117,(anonymous_5)
FN:145,securityHeaders
FN:195,hashPassword
FN:204,verifyPassword
FN:212,createUser
FN:231,authenticateUser
FN:246,requireAuth
FN:261,requireRole
FN:262,(anonymous_13)
FN:300,auditLogger
FN:307,(anonymous_15)
FN:345,getAuditLogs
FN:352,detectSuspiciousActivity
FN:354,(anonymous_18)
FN:355,(anonymous_19)
FN:368,generateCSRFToken
FN:375,verifyCSRFToken
FNF:22
FNH:0
FNDA:0,rateLimiter
FNDA:0,(anonymous_1)
FNDA:0,sanitizeString
FNDA:0,validateCartData
FNDA:0,inputValidator
FNDA:0,(anonymous_5)
FNDA:0,securityHeaders
FNDA:0,hashPassword
FNDA:0,verifyPassword
FNDA:0,createUser
FNDA:0,authenticateUser
FNDA:0,requireAuth
FNDA:0,requireRole
FNDA:0,(anonymous_13)
FNDA:0,auditLogger
FNDA:0,(anonymous_15)
FNDA:0,getAuditLogs
FNDA:0,detectSuspiciousActivity
FNDA:0,(anonymous_18)
FNDA:0,(anonymous_19)
FNDA:0,generateCSRFToken
FNDA:0,verifyCSRFToken
DA:7,0
DA:19,0
DA:25,0
DA:26,0
DA:27,0
DA:28,0
DA:30,0
DA:31,0
DA:35,0
DA:38,0
DA:41,0
DA:42,0
DA:43,0
DA:44,0
DA:48,0
DA:51,0
DA:52,0
DA:59,0
DA:60,0
DA:61,0
DA:63,0
DA:74,0
DA:75,0
DA:76,0
DA:85,0
DA:86,0
DA:87,0
DA:90,0
DA:93,0
DA:94,0
DA:98,0
DA:99,0
DA:102,0
DA:114,0
DA:116,0
DA:117,0
DA:118,0
DA:119,0
DA:125,0
DA:126,0
DA:127,0
DA:128,0
DA:134,0
DA:145,0
DA:147,0
DA:150,0
DA:153,0
DA:156,0
DA:166,0
DA:169,0
DA:172,0
DA:174,0
DA:190,0
DA:195,0
DA:196,0
DA:197,0
DA:198,0
DA:204,0
DA:205,0
DA:206,0
DA:212,0
DA:213,0
DA:214,0
DA:216,0
DA:224,0
DA:225,0
DA:231,0
DA:232,0
DA:233,0
DA:235,0
DA:236,0
DA:237,0
DA:240,0
DA:246,0
DA:247,0
DA:249,0
DA:250,0
DA:255,0
DA:261,0
DA:262,0
DA:263,0
DA:265,0
DA:266,0
DA:271,0
DA:272,0
DA:277,0
DA:295,0
DA:300,0
DA:301,0
DA:302,0
DA:303,0
DA:306,0
DA:307,0
DA:308,0
DA:310,0
DA:320,0
DA:323,0
DA:324,0
DA:328,0
DA:329,0
DA:336,0
DA:339,0
DA:345,0
DA:346,0
DA:352,0
DA:353,0
DA:354,0
DA:355,0
DA:357,0
DA:358,0
DA:359,0
DA:362,0
DA:368,0
DA:369,0
DA:375,0
DA:376,0
DA:379,0
LF:117
LH:0
BRDA:25,0,0,0
BRDA:25,1,0,0
BRDA:27,2,0,0
BRDA:27,2,1,0
BRDA:27,2,2,0
BRDA:30,3,0,0
BRDA:41,4,0,0
BRDA:51,5,0,0
BRDA:75,6,0,0
BRDA:86,7,0,0
BRDA:86,8,0,0
BRDA:86,8,1,0
BRDA:93,9,0,0
BRDA:93,10,0,0
BRDA:93,10,1,0
BRDA:93,10,2,0
BRDA:98,11,0,0
BRDA:98,12,0,0
BRDA:98,12,1,0
BRDA:98,12,2,0
BRDA:116,13,0,0
BRDA:118,14,0,0
BRDA:125,15,0,0
BRDA:127,16,0,0
BRDA:127,17,0,0
BRDA:127,17,1,0
BRDA:196,18,0,0
BRDA:196,18,1,0
BRDA:212,19,0,0
BRDA:233,20,0,0
BRDA:236,21,0,0
BRDA:249,22,0,0
BRDA:265,23,0,0
BRDA:265,24,0,0
BRDA:265,24,1,0
BRDA:271,25,0,0
BRDA:271,26,0,0
BRDA:271,26,1,0
BRDA:302,27,0,0
BRDA:302,27,1,0
BRDA:302,27,2,0
BRDA:323,28,0,0
BRDA:345,29,0,0
BRDA:357,30,0,0
BRF:44
BRH:0
end_of_record
TN:
SF:src\routes\cart.ts
FN:10,saveCartToFile
FN:12,(anonymous_11)
FN:21,loadCartFromFile
FN:32,(anonymous_13)
FN:46,(anonymous_14)
FN:51,(anonymous_15)
FN:69,(anonymous_16)
FN:75,(anonymous_17)
FN:115,(anonymous_18)
FN:126,(anonymous_19)
FN:140,(anonymous_20)
FN:158,(anonymous_21)
FN:169,(anonymous_22)
FNF:13
FNH:0
FNDA:0,saveCartToFile
FNDA:0,(anonymous_11)
FNDA:0,loadCartFromFile
FNDA:0,(anonymous_13)
FNDA:0,(anonymous_14)
FNDA:0,(anonymous_15)
FNDA:0,(anonymous_16)
FNDA:0,(anonymous_17)
FNDA:0,(anonymous_18)
FNDA:0,(anonymous_19)
FNDA:0,(anonymous_20)
FNDA:0,(anonymous_21)
FNDA:0,(anonymous_22)
DA:1,0
DA:2,0
DA:3,0
DA:6,0
DA:7,0
DA:11,0
DA:12,0
DA:13,0
DA:14,0
DA:15,0
DA:17,0
DA:22,0
DA:23,0
DA:24,0
DA:25,0
DA:27,0
DA:32,0
DA:33,0
DA:34,0
DA:37,0
DA:38,0
DA:41,0
DA:42,0
DA:46,0
DA:47,0
DA:48,0
DA:51,0
DA:52,0
DA:55,0
DA:56,0
DA:59,0
DA:63,0
DA:64,0
DA:67,0
DA:69,0
DA:75,0
DA:76,0
DA:79,0
DA:80,0
DA:86,0
DA:87,0
DA:93,0
DA:94,0
DA:100,0
DA:101,0
DA:107,0
DA:111,0
DA:112,0
DA:113,0
DA:115,0
DA:116,0
DA:117,0
DA:119,0
DA:120,0
DA:126,0
DA:127,0
DA:128,0
DA:130,0
DA:134,0
DA:136,0
DA:140,0
DA:141,0
DA:144,0
DA:145,0
DA:151,0
DA:152,0
DA:157,0
DA:158,0
DA:161,0
DA:162,0
DA:165,0
DA:169,0
DA:170,0
DA:171,0
DA:174,0
DA:175,0
DA:178,0
DA:181,0
LF:78
LH:0
BRDA:25,0,0,0
BRDA:25,0,1,0
BRDA:34,1,0,0
BRDA:34,1,1,0
BRDA:37,2,0,0
BRDA:41,3,0,0
BRDA:41,3,1,0
BRDA:48,4,0,0
BRDA:48,4,1,0
BRDA:63,5,0,0
BRDA:63,5,1,0
BRDA:79,6,0,0
BRDA:79,7,0,0
BRDA:79,7,1,0
BRDA:86,8,0,0
BRDA:86,9,0,0
BRDA:86,9,1,0
BRDA:93,10,0,0
BRDA:100,11,0,0
BRDA:100,12,0,0
BRDA:100,12,1,0
BRDA:112,13,0,0
BRDA:112,13,1,0
BRDA:113,14,0,0
BRDA:113,14,1,0
BRDA:116,15,0,0
BRDA:116,15,1,0
BRDA:119,16,0,0
BRDA:127,17,0,0
BRDA:127,17,1,0
BRDA:144,18,0,0
BRDA:151,19,0,0
BRDA:158,20,0,0
BRDA:158,20,1,0
BRDA:161,21,0,0
BRDA:174,22,0,0
BRF:36
BRH:0
end_of_record
TN:
SF:src\routes\products.ts
FN:20,(anonymous_0)
FN:25,(anonymous_1)
FN:35,(anonymous_2)
FN:47,(anonymous_3)
FN:49,(anonymous_4)
FN:57,(anonymous_5)
FN:61,(anonymous_6)
FNF:7
FNH:0
FNDA:0,(anonymous_0)
FNDA:0,(anonymous_1)
FNDA:0,(anonymous_2)
FNDA:0,(anonymous_3)
FNDA:0,(anonymous_4)
FNDA:0,(anonymous_5)
FNDA:0,(anonymous_6)
DA:1,0
DA:4,0
DA:7,0
DA:20,0
DA:21,0
DA:25,0
DA:26,0
DA:29,0
DA:30,0
DA:35,0
DA:37,0
DA:38,0
DA:43,0
DA:47,0
DA:48,0
DA:49,0
DA:50,0
DA:53,0
DA:57,0
DA:58,0
DA:59,0
DA:61,0
DA:62,0
DA:65,0
DA:68,0
LF:25
LH:0
BRDA:29,0,0,0
BRDA:29,1,0,0
BRDA:29,1,1,0
BRDA:37,2,0,0
BRDA:50,3,0,0
BRDA:50,3,1,0
BRDA:58,4,0,0
BRDA:58,4,1,0
BRDA:59,5,0,0
BRDA:59,5,1,0
BRDA:62,6,0,0
BRDA:62,6,1,0
BRF:12
BRH:0
end_of_record
